INFO:root:=================================================
INFO:root:
INFO:root:
INFO:root:Input String: BBB_WWW
INFO:root:============ UCS Search ================
DEBUG:root:Popped: BBB_WWW g: 0
DEBUG:root:_BBBWWW g: 2
DEBUG:root:B_BBWWW g: 1
DEBUG:root:BB_BWWW g: 1
DEBUG:root:BBBW_WW g: 1
DEBUG:root:BBBWW_W g: 1
DEBUG:root:BBBWWW_ g: 2
DEBUG:root:

DEBUG:root:Popped: BBBWW_W g: 1
DEBUG:root:BB_WWBW g: 3
DEBUG:root:BBB_WWW g: 2
DEBUG:root:BBBW_WW g: 2
DEBUG:root:BBBWWW_ g: 2
DEBUG:root:

DEBUG:root:Popped: BBBW_WW g: 1
DEBUG:root:B_BWBWW g: 3
DEBUG:root:BB_WBWW g: 2
DEBUG:root:BBB_WWW g: 2
DEBUG:root:BBBWW_W g: 2
DEBUG:root:BBBWWW_ g: 2
DEBUG:root:

DEBUG:root:Popped: BB_BWWW g: 1
DEBUG:root:_BBBWWW g: 2
DEBUG:root:B_BBWWW g: 2
DEBUG:root:BBB_WWW g: 2
DEBUG:root:BBWB_WW g: 2
DEBUG:root:BBWBW_W g: 3
DEBUG:root:

DEBUG:root:Popped: B_BBWWW g: 1
DEBUG:root:_BBBWWW g: 2
DEBUG:root:BB_BWWW g: 2
DEBUG:root:BBB_WWW g: 2
DEBUG:root:BWBB_WW g: 3
DEBUG:root:

DEBUG:root:Popped: BBBWWW_ g: 2
DEBUG:root:BBB_WWW g: 4
DEBUG:root:BBBW_WW g: 3
DEBUG:root:BBBWW_W g: 3
DEBUG:root:

DEBUG:root:Popped: BBWB_WW g: 2
DEBUG:root:B_WBBWW g: 4
DEBUG:root:BB_BWWW g: 3
DEBUG:root:BBW_BWW g: 3
DEBUG:root:BBWBW_W g: 3
DEBUG:root:BBWBWW_ g: 3
DEBUG:root:

DEBUG:root:Popped: BB_WBWW g: 2
DEBUG:root:_BBWBWW g: 3
DEBUG:root:B_BWBWW g: 3
DEBUG:root:BBW_BWW g: 3
DEBUG:root:BBBW_WW g: 3
DEBUG:root:BBWWB_W g: 4
DEBUG:root:

DEBUG:root:Popped: _BBBWWW g: 2
DEBUG:root:B_BBWWW g: 3
DEBUG:root:BB_BWWW g: 3
DEBUG:root:BBB_WWW g: 4
DEBUG:root:

DEBUG:root:Popped: BBWBWW_ g: 3
DEBUG:root:BBW_WWB g: 5
DEBUG:root:BBWB_WW g: 4
DEBUG:root:BBWBW_W g: 4
DEBUG:root:

DEBUG:root:Popped: BBWBW_W g: 3
DEBUG:root:BB_BWWW g: 5
DEBUG:root:BBW_WBW g: 4
DEBUG:root:BBWB_WW g: 4
DEBUG:root:BBWBWW_ g: 4
DEBUG:root:

DEBUG:root:Popped: BBW_BWW g: 3
DEBUG:root:_BWBBWW g: 5
DEBUG:root:B_WBBWW g: 4
DEBUG:root:BB_WBWW g: 4
DEBUG:root:BBWB_WW g: 4
DEBUG:root:BBWWB_W g: 4
DEBUG:root:BBWWBW_ g: 5
DEBUG:root:

DEBUG:root:Popped: BB_WWBW g: 3
DEBUG:root:_BBWWBW g: 4
DEBUG:root:B_BWWBW g: 4
DEBUG:root:BBW_WBW g: 4
DEBUG:root:BBWW_BW g: 4
DEBUG:root:BBBWW_W g: 5
DEBUG:root:

DEBUG:root:Popped: BWBB_WW g: 3
DEBUG:root:B_BBWWW g: 5
DEBUG:root:BW_BBWW g: 4
DEBUG:root:BWB_BWW g: 4
DEBUG:root:BWBBW_W g: 4
DEBUG:root:BWBBWW_ g: 4
DEBUG:root:

DEBUG:root:Popped: B_BWBWW g: 3
DEBUG:root:_BBWBWW g: 4
DEBUG:root:BB_WBWW g: 4
DEBUG:root:BWB_BWW g: 4
DEBUG:root:BBBW_WW g: 5
DEBUG:root:

DEBUG:root:Popped: _BBWBWW g: 3
DEBUG:root:B_BWBWW g: 4
DEBUG:root:BB_WBWW g: 4
DEBUG:root:WBB_BWW g: 5
DEBUG:root:

DEBUG:root:Popped: BBWWB_W g: 4
DEBUG:root:BB_WBWW g: 6
DEBUG:root:BBW_BWW g: 5
DEBUG:root:BBWW_BW g: 5
DEBUG:root:BBWWBW_ g: 5
DEBUG:root:

DEBUG:root:Popped: BBWW_BW g: 4
DEBUG:root:B_WWBBW g: 6
DEBUG:root:BB_WWBW g: 5
DEBUG:root:BBW_WBW g: 5
DEBUG:root:BBWWB_W g: 5
DEBUG:root:BBWWWB_ g: 5
DEBUG:root:

DEBUG:root:Popped: BBW_WBW g: 4
DEBUG:root:_BWBWBW g: 6
DEBUG:root:B_WBWBW g: 5
DEBUG:root:BB_WWBW g: 5
DEBUG:root:BBWW_BW g: 5
DEBUG:root:BBWBW_W g: 5
DEBUG:root:BBWWWB_ g: 6
DEBUG:root:

DEBUG:root:Popped: BWBBWW_ g: 4
DEBUG:root:BWB_WWB g: 6
DEBUG:root:BWBB_WW g: 5
DEBUG:root:BWBBW_W g: 5
DEBUG:root:

DEBUG:root:Popped: BWBBW_W g: 4
DEBUG:root:BW_BWBW g: 6
DEBUG:root:BWB_WBW g: 5
DEBUG:root:BWBB_WW g: 5
DEBUG:root:BWBBWW_ g: 5
DEBUG:root:

DEBUG:root:Popped: BWB_BWW g: 4
DEBUG:root:_WBBBWW g: 6
DEBUG:root:B_BWBWW g: 5
DEBUG:root:BW_BBWW g: 5
DEBUG:root:BWBB_WW g: 5
DEBUG:root:BWBWB_W g: 5
DEBUG:root:BWBWBW_ g: 6
DEBUG:root:

DEBUG:root:Popped: BW_BBWW g: 4
DEBUG:root:_WBBBWW g: 5
DEBUG:root:B_WBBWW g: 5
DEBUG:root:BWB_BWW g: 5
DEBUG:root:BWBB_WW g: 5
DEBUG:root:BWWBB_W g: 6
DEBUG:root:

DEBUG:root:Popped: B_BWWBW g: 4
DEBUG:root:_BBWWBW g: 5
DEBUG:root:BB_WWBW g: 5
DEBUG:root:BWB_WBW g: 5
DEBUG:root:BWBW_BW g: 6
DEBUG:root:

DEBUG:root:Popped: B_WBBWW g: 4
DEBUG:root:_BWBBWW g: 5
DEBUG:root:BW_BBWW g: 5
DEBUG:root:BBW_BWW g: 5
DEBUG:root:BBWB_WW g: 6
DEBUG:root:

DEBUG:root:Popped: _BBWWBW g: 4
DEBUG:root:B_BWWBW g: 5
DEBUG:root:BB_WWBW g: 5
DEBUG:root:WBB_WBW g: 6
DEBUG:root:

DEBUG:root:Popped: BBWWBW_ g: 5
DEBUG:root:BBW_BWW g: 7
DEBUG:root:BBWW_WB g: 6
DEBUG:root:BBWWB_W g: 6
DEBUG:root:

DEBUG:root:Popped: BBWWWB_ g: 5
DEBUG:root:BBW_WBW g: 7
DEBUG:root:BBWW_BW g: 6
DEBUG:root:BBWWW_B g: 6
DEBUG:root:

DEBUG:root:Popped: BBW_WWB g: 5
DEBUG:root:_BWBWWB g: 7
DEBUG:root:B_WBWWB g: 6
DEBUG:root:BB_WWWB g: 6
DEBUG:root:BBWW_WB g: 6
DEBUG:root:BBWWW_B g: 6
DEBUG:root:BBWBWW_ g: 7
DEBUG:root:

DEBUG:root:Popped: BWBWB_W g: 5
DEBUG:root:BW_WBBW g: 7
DEBUG:root:BWB_BWW g: 6
DEBUG:root:BWBW_BW g: 6
DEBUG:root:BWBWBW_ g: 6
DEBUG:root:

DEBUG:root:Popped: BWB_WBW g: 5
DEBUG:root:_WBBWBW g: 7
DEBUG:root:B_BWWBW g: 6
DEBUG:root:BW_BWBW g: 6
DEBUG:root:BWBW_BW g: 6
DEBUG:root:BWBBW_W g: 6
DEBUG:root:BWBWWB_ g: 7
DEBUG:root:

DEBUG:root:Popped: B_WBWBW g: 5
DEBUG:root:_BWBWBW g: 6
DEBUG:root:BW_BWBW g: 6
DEBUG:root:BBW_WBW g: 6
DEBUG:root:BWWB_BW g: 7
DEBUG:root:

DEBUG:root:Popped: WBB_BWW g: 5
DEBUG:root:_BBWBWW g: 7
DEBUG:root:W_BBBWW g: 6
DEBUG:root:WB_BBWW g: 6
DEBUG:root:WBBB_WW g: 6
DEBUG:root:WBBWB_W g: 6
DEBUG:root:WBBWBW_ g: 7
DEBUG:root:

DEBUG:root:Popped: _BWBBWW g: 5
DEBUG:root:B_WBBWW g: 6
DEBUG:root:WB_BBWW g: 6
DEBUG:root:BBW_BWW g: 7
DEBUG:root:

DEBUG:root:Popped: _WBBBWW g: 5
DEBUG:root:W_BBBWW g: 6
DEBUG:root:BW_BBWW g: 6
DEBUG:root:BWB_BWW g: 7
DEBUG:root:

DEBUG:root:Popped: BBWWW_B g: 6
DEBUG:root:BB_WWWB g: 8
DEBUG:root:BBW_WWB g: 7
DEBUG:root:BBWW_WB g: 7
DEBUG:root:BBWWWB_ g: 7
DEBUG:root:

DEBUG:root:Popped: BBWW_WB g: 6
DEBUG:root:B_WWBWB g: 8
DEBUG:root:BB_WWWB g: 7
DEBUG:root:BBW_WWB g: 7
DEBUG:root:BBWWW_B g: 7
DEBUG:root:BBWWBW_ g: 7
DEBUG:root:

DEBUG:root:Popped: BB_WWWB g: 6
DEBUG:root:_BBWWWB g: 7
DEBUG:root:B_BWWWB g: 7
DEBUG:root:BBW_WWB g: 7
DEBUG:root:BBWW_WB g: 7
DEBUG:root:BBWWW_B g: 8
DEBUG:root:

DEBUG:root:Popped: BWBWBW_ g: 6
DEBUG:root:BWB_BWW g: 8
DEBUG:root:BWBW_WB g: 7
DEBUG:root:BWBWB_W g: 7
DEBUG:root:

DEBUG:root:Popped: BWBW_BW g: 6
DEBUG:root:B_BWWBW g: 8
DEBUG:root:BW_WBBW g: 7
DEBUG:root:BWB_WBW g: 7
DEBUG:root:BWBWB_W g: 7
DEBUG:root:BWBWWB_ g: 7
DEBUG:root:

DEBUG:root:Popped: BWB_WWB g: 6
DEBUG:root:_WBBWWB g: 8
DEBUG:root:B_BWWWB g: 7
DEBUG:root:BW_BWWB g: 7
DEBUG:root:BWBW_WB g: 7
DEBUG:root:BWBWW_B g: 7
DEBUG:root:BWBBWW_ g: 8
DEBUG:root:

DEBUG:root:Popped: BWWBB_W g: 6
DEBUG:root:BW_BBWW g: 8
DEBUG:root:BWW_BBW g: 7
DEBUG:root:BWWB_BW g: 7
DEBUG:root:BWWBBW_ g: 7
DEBUG:root:

DEBUG:root:Popped: BW_BWBW g: 6
DEBUG:root:_WBBWBW g: 7
DEBUG:root:B_WBWBW g: 7
DEBUG:root:BWB_WBW g: 7
DEBUG:root:BWWB_BW g: 7
DEBUG:root:BWBBW_W g: 8
DEBUG:root:

DEBUG:root:Popped: B_WBWWB g: 6
DEBUG:root:_BWBWWB g: 7
DEBUG:root:BW_BWWB g: 7
DEBUG:root:BBW_WWB g: 7
DEBUG:root:BWWB_WB g: 8
DEBUG:root:

DEBUG:root:Popped: B_WWBBW g: 6
DEBUG:root:_BWWBBW g: 7
DEBUG:root:BW_WBBW g: 7
DEBUG:root:BWW_BBW g: 7
DEBUG:root:BBWW_BW g: 8
DEBUG:root:

DEBUG:root:Popped: WBBB_WW g: 6
DEBUG:root:W_BBBWW g: 8
DEBUG:root:WB_BBWW g: 7
DEBUG:root:WBB_BWW g: 7
DEBUG:root:WBBBW_W g: 7
DEBUG:root:WBBBWW_ g: 7
DEBUG:root:

DEBUG:root:Popped: WBBWB_W g: 6
DEBUG:root:WB_WBBW g: 8
DEBUG:root:WBB_BWW g: 7
DEBUG:root:WBBW_BW g: 7
DEBUG:root:WBBWBW_ g: 7
DEBUG:root:

DEBUG:root:Popped: WBB_WBW g: 6
DEBUG:root:_BBWWBW g: 8
DEBUG:root:W_BBWBW g: 7
DEBUG:root:WB_BWBW g: 7
DEBUG:root:WBBW_BW g: 7
DEBUG:root:WBBBW_W g: 7
DEBUG:root:WBBWWB_ g: 8
DEBUG:root:

DEBUG:root:Popped: WB_BBWW g: 6
DEBUG:root:_BWBBWW g: 7
DEBUG:root:W_BBBWW g: 7
DEBUG:root:WBB_BWW g: 7
DEBUG:root:WBBB_WW g: 7
DEBUG:root:WBWBB_W g: 8
DEBUG:root:

DEBUG:root:Popped: W_BBBWW g: 6
DEBUG:root:_WBBBWW g: 7
DEBUG:root:WB_BBWW g: 7
DEBUG:root:WBB_BWW g: 7
DEBUG:root:WBBB_WW g: 8
DEBUG:root:

DEBUG:root:Popped: _BWBWBW g: 6
DEBUG:root:B_WBWBW g: 7
DEBUG:root:WB_BWBW g: 7
DEBUG:root:BBW_WBW g: 8
DEBUG:root:

DEBUG:root:Popped: BWBWWB_ g: 7
DEBUG:root:BWB_WBW g: 9
DEBUG:root:BWBW_BW g: 8
DEBUG:root:BWBWW_B g: 8
DEBUG:root:

DEBUG:root:Popped: BWBWW_B g: 7
DEBUG:root:BW_WWBB g: 9
DEBUG:root:BWB_WWB g: 8
DEBUG:root:BWBW_WB g: 8
DEBUG:root:BWBWWB_ g: 8
DEBUG:root:

DEBUG:root:Popped: BWBW_WB g: 7
DEBUG:root:B_BWWWB g: 9
DEBUG:root:BW_WBWB g: 8
DEBUG:root:BWB_WWB g: 8
DEBUG:root:BWBWW_B g: 8
DEBUG:root:BWBWBW_ g: 8
DEBUG:root:

DEBUG:root:Popped: BWWBBW_ g: 7
DEBUG:root:BWW_BWB g: 9
DEBUG:root:BWWB_WB g: 8
DEBUG:root:BWWBB_W g: 8
DEBUG:root:

DEBUG:root:Popped: BWWB_BW g: 7
DEBUG:root:B_WBWBW g: 9
DEBUG:root:BW_BWBW g: 8
DEBUG:root:BWW_BBW g: 8
DEBUG:root:BWWBB_W g: 8
DEBUG:root:BWWBWB_ g: 8
DEBUG:root:

DEBUG:root:Popped: BWW_BBW g: 7
DEBUG:root:_WWBBBW g: 9
DEBUG:root:B_WWBBW g: 8
DEBUG:root:BW_WBBW g: 8
DEBUG:root:BWWB_BW g: 8
DEBUG:root:BWWBB_W g: 8
DEBUG:root:BWWWBB_ g: 9
DEBUG:root:

DEBUG:root:Popped: BW_BWWB g: 7
DEBUG:root:_WBBWWB g: 8
DEBUG:root:B_WBWWB g: 8
DEBUG:root:BWB_WWB g: 8
DEBUG:root:BWWB_WB g: 8
DEBUG:root:BWWBW_B g: 9
DEBUG:root:

DEBUG:root:Popped: BW_WBBW g: 7
DEBUG:root:_WBWBBW g: 8
DEBUG:root:B_WWBBW g: 8
DEBUG:root:BWW_BBW g: 8
DEBUG:root:BWBW_BW g: 8
DEBUG:root:BWBWB_W g: 9
DEBUG:root:

DEBUG:root:Popped: B_BWWWB g: 7
DEBUG:root:_BBWWWB g: 8
DEBUG:root:BB_WWWB g: 8
DEBUG:root:BWB_WWB g: 8
DEBUG:root:BWBW_WB g: 9
DEBUG:root:

DEBUG:root:Popped: WBBBWW_ g: 7
DEBUG:root:WBB_WWB g: 9
DEBUG:root:WBBB_WW g: 8
DEBUG:root:WBBBW_W g: 8
DEBUG:root:

DEBUG:root:Popped: WBBBW_W g: 7
DEBUG:root:WB_BWBW g: 9
DEBUG:root:WBB_WBW g: 8
DEBUG:root:WBBB_WW g: 8
DEBUG:root:WBBBWW_ g: 8
DEBUG:root:

DEBUG:root:Popped: WBBWBW_ g: 7
DEBUG:root:WBB_BWW g: 9
DEBUG:root:WBBW_WB g: 8
DEBUG:root:WBBWB_W g: 8
DEBUG:root:

DEBUG:root:Popped: WBBW_BW g: 7
DEBUG:root:W_BWBBW g: 9
DEBUG:root:WB_WBBW g: 8
DEBUG:root:WBB_WBW g: 8
DEBUG:root:WBBWB_W g: 8
DEBUG:root:WBBWWB_ g: 8
DEBUG:root:

DEBUG:root:Popped: WB_BWBW g: 7
DEBUG:root:_BWBWBW g: 8
DEBUG:root:W_BBWBW g: 8
DEBUG:root:WBB_WBW g: 8
DEBUG:root:WBWB_BW g: 8
DEBUG:root:WBBBW_W g: 9
DEBUG:root:

DEBUG:root:Popped: W_BBWBW g: 7
DEBUG:root:_WBBWBW g: 8
DEBUG:root:WB_BWBW g: 8
DEBUG:root:WBB_WBW g: 8
DEBUG:root:WWBB_BW g: 9
DEBUG:root:

DEBUG:root:Popped: _BBWWWB g: 7
DEBUG:root:B_BWWWB g: 8
DEBUG:root:BB_WWWB g: 8
DEBUG:root:WBB_WWB g: 9
DEBUG:root:

DEBUG:root:Popped: _BWBWWB g: 7
DEBUG:root:B_WBWWB g: 8
DEBUG:root:WB_BWWB g: 8
DEBUG:root:BBW_WWB g: 9
DEBUG:root:

DEBUG:root:Popped: _BWWBBW g: 7
DEBUG:root:B_WWBBW g: 8
DEBUG:root:WB_WBBW g: 8
DEBUG:root:WBW_BBW g: 9
DEBUG:root:

DEBUG:root:Popped: _WBBWBW g: 7
DEBUG:root:W_BBWBW g: 8
DEBUG:root:BW_BWBW g: 8
DEBUG:root:BWB_WBW g: 9
DEBUG:root:

DEBUG:root:Popped: BWWBWB_ g: 8
DEBUG:root:BWW_WBB g: 10
DEBUG:root:BWWB_BW g: 9
DEBUG:root:BWWBW_B g: 9
DEBUG:root:

DEBUG:root:Popped: BWWB_WB g: 8
DEBUG:root:B_WBWWB g: 10
DEBUG:root:BW_BWWB g: 9
DEBUG:root:BWW_BWB g: 9
DEBUG:root:BWWBW_B g: 9
DEBUG:root:BWWBBW_ g: 9
DEBUG:root:

DEBUG:root:Popped: BW_WBWB g: 8
DEBUG:root:_WBWBWB g: 9
DEBUG:root:B_WWBWB g: 9
DEBUG:root:BWW_BWB g: 9
DEBUG:root:BWBW_WB g: 9
DEBUG:root:BWWWB_B g: 10
DEBUG:root:

DEBUG:root:Popped: B_WWBWB g: 8
DEBUG:root:_BWWBWB g: 9
DEBUG:root:BW_WBWB g: 9
DEBUG:root:BWW_BWB g: 9
DEBUG:root:BBWW_WB g: 10
DEBUG:root:

DEBUG:root:Popped: WBBWWB_ g: 8
DEBUG:root:WBB_WBW g: 10
DEBUG:root:WBBW_BW g: 9
DEBUG:root:WBBWW_B g: 9
DEBUG:root:

DEBUG:root:Popped: WBBW_WB g: 8
DEBUG:root:W_BWBWB g: 10
DEBUG:root:WB_WBWB g: 9
DEBUG:root:WBB_WWB g: 9
DEBUG:root:WBBWW_B g: 9
DEBUG:root:WBBWBW_ g: 9
DEBUG:root:

DEBUG:root:Popped: WBWBB_W g: 8
DEBUG:root:WB_BBWW g: 10
DEBUG:root:WBW_BBW g: 9
DEBUG:root:WBWB_BW g: 9
DEBUG:root:WBWBBW_ g: 9
DEBUG:root:

DEBUG:root:Popped: WBWB_BW g: 8
DEBUG:root:W_WBBBW g: 10
DEBUG:root:WB_BWBW g: 9
DEBUG:root:WBW_BBW g: 9
DEBUG:root:WBWBB_W g: 9
DEBUG:root:WBWBWB_ g: 9
DEBUG:root:

DEBUG:root:Popped: WB_BWWB g: 8
DEBUG:root:_BWBWWB g: 9
DEBUG:root:W_BBWWB g: 9
DEBUG:root:WBB_WWB g: 9
DEBUG:root:WBWB_WB g: 9
DEBUG:root:WBWBW_B g: 10
DEBUG:root:

DEBUG:root:Popped: WB_WBBW g: 8
DEBUG:root:_BWWBBW g: 9
DEBUG:root:W_BWBBW g: 9
DEBUG:root:WBW_BBW g: 9
DEBUG:root:WBBW_BW g: 9
DEBUG:root:WBBWB_W g: 10
DEBUG:root:

DEBUG:root:Popped: _WBBWWB g: 8
DEBUG:root:W_BBWWB g: 9
DEBUG:root:BW_BWWB g: 9
DEBUG:root:BWB_WWB g: 10
DEBUG:root:

DEBUG:root:Popped: _WBWBBW g: 8
DEBUG:root:W_BWBBW g: 9
DEBUG:root:BW_WBBW g: 9
DEBUG:root:WWB_BBW g: 10
DEBUG:root:

DEBUG:root:Popped: BWWBW_B g: 9
DEBUG:root:BW_BWWB g: 11
DEBUG:root:BWW_WBB g: 10
DEBUG:root:BWWB_WB g: 10
DEBUG:root:BWWBWB_ g: 10
DEBUG:root:

DEBUG:root:Popped: BWWWBB_ g: 9
DEBUG:root:BWW_BBW g: 11
DEBUG:root:BWWW_BB g: 10
DEBUG:root:BWWWB_B g: 10
DEBUG:root:

DEBUG:root:Popped: BWW_BWB g: 9
DEBUG:root:_WWBBWB g: 11
DEBUG:root:B_WWBWB g: 10
DEBUG:root:BW_WBWB g: 10
DEBUG:root:BWWB_WB g: 10
DEBUG:root:BWWWB_B g: 10
DEBUG:root:BWWBBW_ g: 11
DEBUG:root:

DEBUG:root:Popped: BW_WWBB g: 9
DEBUG:root:_WBWWBB g: 10
DEBUG:root:B_WWWBB g: 10
DEBUG:root:BWW_WBB g: 10
DEBUG:root:BWWW_BB g: 10
DEBUG:root:BWBWW_B g: 11
DEBUG:root:

DEBUG:root:Popped: WBBWW_B g: 9
DEBUG:root:WB_WWBB g: 11
DEBUG:root:WBB_WWB g: 10
DEBUG:root:WBBW_WB g: 10
DEBUG:root:WBBWWB_ g: 10
DEBUG:root:

DEBUG:root:Popped: WBB_WWB g: 9
DEBUG:root:_BBWWWB g: 11
DEBUG:root:W_BBWWB g: 10
DEBUG:root:WB_BWWB g: 10
DEBUG:root:WBBW_WB g: 10
DEBUG:root:WBBWW_B g: 10
DEBUG:root:WBBBWW_ g: 11
DEBUG:root:

DEBUG:root:Popped: WBWBBW_ g: 9
DEBUG:root:WBW_BWB g: 11
DEBUG:root:WBWB_WB g: 10
DEBUG:root:WBWBB_W g: 10
DEBUG:root:

DEBUG:root:Popped: WBWBWB_ g: 9
DEBUG:root:WBW_WBB g: 11
DEBUG:root:WBWB_BW g: 10
DEBUG:root:WBWBW_B g: 10
DEBUG:root:

DEBUG:root:Popped: WBWB_WB g: 9
DEBUG:root:W_WBBWB g: 11
DEBUG:root:WB_BWWB g: 10
DEBUG:root:WBW_BWB g: 10
DEBUG:root:WBWBW_B g: 10
DEBUG:root:WBWBBW_ g: 10
DEBUG:root:

DEBUG:root:Popped: WBW_BBW g: 9
DEBUG:root:_BWWBBW g: 11
DEBUG:root:W_WBBBW g: 10
DEBUG:root:WB_WBBW g: 10
DEBUG:root:WBWB_BW g: 10
DEBUG:root:WBWBB_W g: 10
DEBUG:root:WBWWBB_ g: 11
DEBUG:root:

DEBUG:root:Popped: WB_WBWB g: 9
DEBUG:root:_BWWBWB g: 10
DEBUG:root:W_BWBWB g: 10
DEBUG:root:WBW_BWB g: 10
DEBUG:root:WBBW_WB g: 10
DEBUG:root:WBWWB_B g: 11
DEBUG:root:

DEBUG:root:Popped: WWBB_BW g: 9
DEBUG:root:W_BBWBW g: 11
DEBUG:root:WW_BBBW g: 10
DEBUG:root:WWB_BBW g: 10
DEBUG:root:WWBBB_W g: 10
DEBUG:root:WWBBWB_ g: 10
DEBUG:root:

DEBUG:root:Popped: W_BBWWB g: 9
DEBUG:root:_WBBWWB g: 10
DEBUG:root:WB_BWWB g: 10
DEBUG:root:WBB_WWB g: 10
DEBUG:root:WWBB_WB g: 11
DEBUG:root:

DEBUG:root:Popped: W_BWBBW g: 9
DEBUG:root:_WBWBBW g: 10
DEBUG:root:WB_WBBW g: 10
DEBUG:root:WWB_BBW g: 10
DEBUG:root:WBBW_BW g: 11
DEBUG:root:

DEBUG:root:Popped: _BWWBWB g: 9
DEBUG:root:B_WWBWB g: 10
DEBUG:root:WB_WBWB g: 10
DEBUG:root:WBW_BWB g: 11
DEBUG:root:

DEBUG:root:Popped: _WBWBWB g: 9
DEBUG:root:W_BWBWB g: 10
DEBUG:root:BW_WBWB g: 10
DEBUG:root:WWB_BWB g: 11
DEBUG:root:

DEBUG:root:Popped: _WWBBBW g: 9
DEBUG:root:W_WBBBW g: 10
DEBUG:root:WW_BBBW g: 10
DEBUG:root:BWW_BBW g: 11
DEBUG:root:

DEBUG:root:Popped: BWWWB_B g: 10
DEBUG:root:BW_WBWB g: 12
DEBUG:root:BWW_BWB g: 11
DEBUG:root:BWWW_BB g: 11
DEBUG:root:BWWWBB_ g: 11
DEBUG:root:

DEBUG:root:Popped: BWWW_BB g: 10
DEBUG:root:B_WWWBB g: 12
DEBUG:root:BW_WWBB g: 11
DEBUG:root:BWW_WBB g: 11
DEBUG:root:BWWWB_B g: 11
DEBUG:root:BWWWBB_ g: 11
DEBUG:root:

DEBUG:root:Popped: BWW_WBB g: 10
DEBUG:root:_WWBWBB g: 12
DEBUG:root:B_WWWBB g: 11
DEBUG:root:BW_WWBB g: 11
DEBUG:root:BWWW_BB g: 11
DEBUG:root:BWWBW_B g: 11
DEBUG:root:BWWBWB_ g: 12
DEBUG:root:

DEBUG:root:Popped: B_WWWBB g: 10
DEBUG:root:_BWWWBB g: 11
DEBUG:root:BW_WWBB g: 11
DEBUG:root:BWW_WBB g: 11
DEBUG:root:BWWW_BB g: 12
DEBUG:root:

DEBUG:root:Popped: WBWBW_B g: 10
DEBUG:root:WB_BWWB g: 12
DEBUG:root:WBW_WBB g: 11
DEBUG:root:WBWB_WB g: 11
DEBUG:root:WBWBWB_ g: 11
DEBUG:root:

DEBUG:root:Popped: WBW_BWB g: 10
DEBUG:root:_BWWBWB g: 12
DEBUG:root:W_WBBWB g: 11
DEBUG:root:WB_WBWB g: 11
DEBUG:root:WBWB_WB g: 11
DEBUG:root:WBWWB_B g: 11
DEBUG:root:WBWBBW_ g: 12
DEBUG:root:

DEBUG:root:Popped: WWBBB_W g: 10
DEBUG:root:WW_BBBW g: 12
DEBUG:root:WWB_BBW g: 11
DEBUG:root:WWBB_BW g: 11
DEBUG:root:WWBBBW_ g: 11
DEBUG:root:

DEBUG:root:Popped: WWBBWB_ g: 10
DEBUG:root:WWB_WBB g: 12
DEBUG:root:WWBB_BW g: 11
DEBUG:root:WWBBW_B g: 11
DEBUG:root:

DEBUG:root:Popped: WWB_BBW g: 10
DEBUG:root:_WBWBBW g: 12
DEBUG:root:W_BWBBW g: 11
DEBUG:root:WW_BBBW g: 11
DEBUG:root:WWBB_BW g: 11
DEBUG:root:WWBBB_W g: 11
DEBUG:root:WWBWBB_ g: 12
DEBUG:root:

DEBUG:root:Popped: WW_BBBW g: 10
DEBUG:root:_WWBBBW g: 11
DEBUG:root:W_WBBBW g: 11
DEBUG:root:WWB_BBW g: 11
DEBUG:root:WWBB_BW g: 11
DEBUG:root:WWBBB_W g: 12
DEBUG:root:

DEBUG:root:Popped: W_BWBWB g: 10
DEBUG:root:_WBWBWB g: 11
DEBUG:root:WB_WBWB g: 11
DEBUG:root:WWB_BWB g: 11
DEBUG:root:WBBW_WB g: 12
DEBUG:root:

DEBUG:root:Popped: W_WBBBW g: 10
DEBUG:root:_WWBBBW g: 11
DEBUG:root:WW_BBBW g: 11
DEBUG:root:WBW_BBW g: 11
DEBUG:root:WBWB_BW g: 12
DEBUG:root:

DEBUG:root:Popped: _WBWWBB g: 10
DEBUG:root:W_BWWBB g: 11
DEBUG:root:BW_WWBB g: 11
DEBUG:root:WWB_WBB g: 12
DEBUG:root:

DEBUG:root:Popped: WBWWBB_ g: 11
DEBUG:root:WBW_BBW g: 13
DEBUG:root:WBWW_BB g: 12
DEBUG:root:WBWWB_B g: 12
DEBUG:root:

DEBUG:root:Popped: WBWWB_B g: 11
DEBUG:root:WB_WBWB g: 13
DEBUG:root:WBW_BWB g: 12
DEBUG:root:WBWW_BB g: 12
DEBUG:root:WBWWBB_ g: 12
DEBUG:root:

DEBUG:root:Popped: WBW_WBB g: 11
DEBUG:root:_BWWWBB g: 13
DEBUG:root:W_WBWBB g: 12
DEBUG:root:WB_WWBB g: 12
DEBUG:root:WBWW_BB g: 12
DEBUG:root:WBWBW_B g: 12
DEBUG:root:WBWBWB_ g: 13
DEBUG:root:

DEBUG:root:Popped: WB_WWBB g: 11
DEBUG:root:_BWWWBB g: 12
DEBUG:root:W_BWWBB g: 12
DEBUG:root:WBW_WBB g: 12
DEBUG:root:WBWW_BB g: 12
DEBUG:root:WBBWW_B g: 13
DEBUG:root:

DEBUG:root:Popped: WWBBBW_ g: 11
DEBUG:root:WWB_BWB g: 13
DEBUG:root:WWBB_WB g: 12
DEBUG:root:WWBBB_W g: 12
DEBUG:root:

DEBUG:root:Popped: WWBBW_B g: 11
DEBUG:root:WW_BWBB g: 13
DEBUG:root:WWB_WBB g: 12
DEBUG:root:WWBB_WB g: 12
DEBUG:root:WWBBWB_ g: 12
DEBUG:root:

DEBUG:root:Popped: WWBB_WB g: 11
DEBUG:root:W_BBWWB g: 13
DEBUG:root:WW_BBWB g: 12
DEBUG:root:WWB_BWB g: 12
DEBUG:root:WWBBW_B g: 12
DEBUG:root:WWBBBW_ g: 12
DEBUG:root:

DEBUG:root:Popped: WWB_BWB g: 11
DEBUG:root:_WBWBWB g: 13
DEBUG:root:W_BWBWB g: 12
DEBUG:root:WW_BBWB g: 12
DEBUG:root:WWBB_WB g: 12
DEBUG:root:WWBWB_B g: 12
DEBUG:root:WWBBBW_ g: 13
DEBUG:root:

DEBUG:root:Popped: W_BWWBB g: 11
DEBUG:root:_WBWWBB g: 12
DEBUG:root:WB_WWBB g: 12
DEBUG:root:WWB_WBB g: 12
DEBUG:root:WWBW_BB g: 13
DEBUG:root:

DEBUG:root:Popped: W_WBBWB g: 11
DEBUG:root:_WWBBWB g: 12
DEBUG:root:WW_BBWB g: 12
DEBUG:root:WBW_BWB g: 12
DEBUG:root:WBWB_WB g: 13
DEBUG:root:

DEBUG:root:Popped: _BWWWBB g: 11
DEBUG:root:B_WWWBB g: 12
DEBUG:root:WB_WWBB g: 12
DEBUG:root:WBW_WBB g: 13
DEBUG:root:

DEBUG:root:Popped: _WWBBWB g: 11
DEBUG:root:W_WBBWB g: 12
DEBUG:root:WW_BBWB g: 12
DEBUG:root:BWW_BWB g: 13
DEBUG:root:

DEBUG:root:Popped: WBWW_BB g: 12
DEBUG:root:W_WWBBB g: 14
DEBUG:root:WB_WWBB g: 13
DEBUG:root:WBW_WBB g: 13
DEBUG:root:WBWWB_B g: 13
DEBUG:root:WBWWBB_ g: 13
DEBUG:root:

DEBUG:root:Popped: WWBWBB_ g: 12
DEBUG:root:WWB_BBW g: 14
DEBUG:root:WWBW_BB g: 13
DEBUG:root:WWBWB_B g: 13
DEBUG:root:

DEBUG:root:Popped: WWBWB_B g: 12
DEBUG:root:WW_WBBB g: 14
DEBUG:root:WWB_BWB g: 13
DEBUG:root:WWBW_BB g: 13
DEBUG:root:WWBWBB_ g: 13
DEBUG:root:

DEBUG:root:Popped: WWB_WBB g: 12
DEBUG:root:_WBWWBB g: 14
DEBUG:root:W_BWWBB g: 13
DEBUG:root:WW_BWBB g: 13
DEBUG:root:WWBW_BB g: 13
DEBUG:root:WWBBW_B g: 13
DEBUG:root:WWBBWB_ g: 14
DEBUG:root:

DEBUG:root:Popped: WW_BBWB g: 12
DEBUG:root:_WWBBWB g: 13
DEBUG:root:W_WBBWB g: 13
DEBUG:root:WWB_BWB g: 13
DEBUG:root:WWBB_WB g: 13
DEBUG:root:WWWBB_B g: 14
DEBUG:root:

DEBUG:root:Popped: W_WBWBB g: 12
DEBUG:root:_WWBWBB g: 13
DEBUG:root:WW_BWBB g: 13
DEBUG:root:WBW_WBB g: 13
DEBUG:root:WWWB_BB g: 14
DEBUG:root:

DEBUG:root:Popped: _WWBWBB g: 12
DEBUG:root:W_WBWBB g: 13
DEBUG:root:WW_BWBB g: 13
DEBUG:root:BWW_WBB g: 14
DEBUG:root:

DEBUG:root:Popped: WWBW_BB g: 13
DEBUG:root:W_BWWBB g: 15
DEBUG:root:WW_WBBB g: 14
DEBUG:root:WWB_WBB g: 14
DEBUG:root:WWBWB_B g: 14
DEBUG:root:WWBWBB_ g: 14
DEBUG:root:

DEBUG:root:Popped: WW_BWBB g: 13
DEBUG:root:_WWBWBB g: 14
DEBUG:root:W_WBWBB g: 14
DEBUG:root:WWB_WBB g: 14
DEBUG:root:WWWB_BB g: 14
DEBUG:root:WWBBW_B g: 15
DEBUG:root:

INFO:root:Solution: WWWBB_B
INFO:root:No. of Explored Nodes: 134
INFO:root:Move Cost: 14
INFO:root:
INFO:root:Path To Goal:
INFO:root:        BBB_WWW
INFO:root:        BB_BWWW
INFO:root:        BBWB_WW
INFO:root:        BBWBWW_
INFO:root:        BBW_WWB
INFO:root:        _BWBWWB
INFO:root:        WB_BWWB
INFO:root:        W_BBWWB
INFO:root:        WWBB_WB
INFO:root:        WW_BBWB
INFO:root:        WWWBB_B
INFO:root:


DEBUG:root:Popped: BBB_WWW f: 9 g: 0 h: 9
DEBUG:root:_BBBWWW f: 11 g: 2 h: 9
DEBUG:root:B_BBWWW f: 10 g: 1 h: 9
DEBUG:root:BB_BWWW f: 10 g: 1 h: 9
DEBUG:root:BBBW_WW f: 10 g: 1 h: 9
DEBUG:root:BBBWW_W f: 10 g: 1 h: 9
DEBUG:root:BBBWWW_ f: 11 g: 2 h: 9
DEBUG:root:

DEBUG:root:Popped: BBBWW_W f: 10 g: 1 h: 9
DEBUG:root:BB_WWBW f: 10 g: 3 h: 7
DEBUG:root:BBB_WWW f: 11 g: 2 h: 9
DEBUG:root:BBBW_WW f: 11 g: 2 h: 9
DEBUG:root:BBBWWW_ f: 11 g: 2 h: 9
DEBUG:root:

DEBUG:root:Popped: BBBW_WW f: 10 g: 1 h: 9
DEBUG:root:B_BWBWW f: 11 g: 3 h: 8
DEBUG:root:BB_WBWW f: 10 g: 2 h: 8
DEBUG:root:BBB_WWW f: 11 g: 2 h: 9
DEBUG:root:BBBWW_W f: 11 g: 2 h: 9
DEBUG:root:BBBWWW_ f: 11 g: 2 h: 9
DEBUG:root:

DEBUG:root:Popped: BB_BWWW f: 10 g: 1 h: 9
DEBUG:root:_BBBWWW f: 11 g: 2 h: 9
DEBUG:root:B_BBWWW f: 11 g: 2 h: 9
DEBUG:root:BBB_WWW f: 11 g: 2 h: 9
DEBUG:root:BBWB_WW f: 10 g: 2 h: 8
DEBUG:root:BBWBW_W f: 11 g: 3 h: 8
DEBUG:root:

DEBUG:root:Popped: BBWB_WW f: 10 g: 2 h: 8
DEBUG:root:B_WBBWW f: 11 g: 4 h: 7
DEBUG:root:BB_BWWW f: 12 g: 3 h: 9
DEBUG:root:BBW_BWW f: 11 g: 3 h: 8
DEBUG:root:BBWBW_W f: 11 g: 3 h: 8
DEBUG:root:BBWBWW_ f: 11 g: 3 h: 8
DEBUG:root:

DEBUG:root:Popped: BB_WBWW f: 10 g: 2 h: 8
DEBUG:root:_BBWBWW f: 11 g: 3 h: 8
DEBUG:root:B_BWBWW f: 11 g: 3 h: 8
DEBUG:root:BBW_BWW f: 11 g: 3 h: 8
DEBUG:root:BBBW_WW f: 12 g: 3 h: 9
DEBUG:root:BBWWB_W f: 11 g: 4 h: 7
DEBUG:root:

DEBUG:root:Popped: BB_WWBW f: 10 g: 3 h: 7
DEBUG:root:_BBWWBW f: 11 g: 4 h: 7
DEBUG:root:B_BWWBW f: 11 g: 4 h: 7
DEBUG:root:BBW_WBW f: 11 g: 4 h: 7
DEBUG:root:BBWW_BW f: 11 g: 4 h: 7
DEBUG:root:BBBWW_W f: 14 g: 5 h: 9
DEBUG:root:

DEBUG:root:Popped: B_BBWWW f: 10 g: 1 h: 9
DEBUG:root:_BBBWWW f: 11 g: 2 h: 9
DEBUG:root:BB_BWWW f: 11 g: 2 h: 9
DEBUG:root:BBB_WWW f: 11 g: 2 h: 9
DEBUG:root:BWBB_WW f: 10 g: 3 h: 7
DEBUG:root:

DEBUG:root:Popped: BWBB_WW f: 10 g: 3 h: 7
DEBUG:root:B_BBWWW f: 14 g: 5 h: 9
DEBUG:root:BW_BBWW f: 11 g: 4 h: 7
DEBUG:root:BWB_BWW f: 11 g: 4 h: 7
DEBUG:root:BWBBW_W f: 11 g: 4 h: 7
DEBUG:root:BWBBWW_ f: 11 g: 4 h: 7
DEBUG:root:

DEBUG:root:Popped: BBBWWW_ f: 11 g: 2 h: 9
DEBUG:root:BBB_WWW f: 13 g: 4 h: 9
DEBUG:root:BBBW_WW f: 12 g: 3 h: 9
DEBUG:root:BBBWW_W f: 12 g: 3 h: 9
DEBUG:root:

DEBUG:root:Popped: BBWBWW_ f: 11 g: 3 h: 8
DEBUG:root:BBW_WWB f: 11 g: 5 h: 6
DEBUG:root:BBWB_WW f: 12 g: 4 h: 8
DEBUG:root:BBWBW_W f: 12 g: 4 h: 8
DEBUG:root:

DEBUG:root:Popped: BBWBW_W f: 11 g: 3 h: 8
DEBUG:root:BB_BWWW f: 14 g: 5 h: 9
DEBUG:root:BBW_WBW f: 11 g: 4 h: 7
DEBUG:root:BBWB_WW f: 12 g: 4 h: 8
DEBUG:root:BBWBWW_ f: 12 g: 4 h: 8
DEBUG:root:

DEBUG:root:Popped: BBWWB_W f: 11 g: 4 h: 7
DEBUG:root:BB_WBWW f: 14 g: 6 h: 8
DEBUG:root:BBW_BWW f: 13 g: 5 h: 8
DEBUG:root:BBWW_BW f: 12 g: 5 h: 7
DEBUG:root:BBWWBW_ f: 12 g: 5 h: 7
DEBUG:root:

DEBUG:root:Popped: BBWW_BW f: 11 g: 4 h: 7
DEBUG:root:B_WWBBW f: 11 g: 6 h: 5
DEBUG:root:BB_WWBW f: 12 g: 5 h: 7
DEBUG:root:BBW_WBW f: 12 g: 5 h: 7
DEBUG:root:BBWWB_W f: 12 g: 5 h: 7
DEBUG:root:BBWWWB_ f: 11 g: 5 h: 6
DEBUG:root:

DEBUG:root:Popped: BBWWWB_ f: 11 g: 5 h: 6
DEBUG:root:BBW_WBW f: 14 g: 7 h: 7
DEBUG:root:BBWW_BW f: 13 g: 6 h: 7
DEBUG:root:BBWWW_B f: 12 g: 6 h: 6
DEBUG:root:

DEBUG:root:Popped: BBW_BWW f: 11 g: 3 h: 8
DEBUG:root:_BWBBWW f: 12 g: 5 h: 7
DEBUG:root:B_WBBWW f: 11 g: 4 h: 7
DEBUG:root:BB_WBWW f: 12 g: 4 h: 8
DEBUG:root:BBWB_WW f: 12 g: 4 h: 8
DEBUG:root:BBWWB_W f: 11 g: 4 h: 7
DEBUG:root:BBWWBW_ f: 12 g: 5 h: 7
DEBUG:root:

DEBUG:root:Popped: BBW_WBW f: 11 g: 4 h: 7
DEBUG:root:_BWBWBW f: 12 g: 6 h: 6
DEBUG:root:B_WBWBW f: 11 g: 5 h: 6
DEBUG:root:BB_WWBW f: 12 g: 5 h: 7
DEBUG:root:BBWW_BW f: 12 g: 5 h: 7
DEBUG:root:BBWBW_W f: 13 g: 5 h: 8
DEBUG:root:BBWWWB_ f: 12 g: 6 h: 6
DEBUG:root:

DEBUG:root:Popped: BBW_WWB f: 11 g: 5 h: 6
DEBUG:root:_BWBWWB f: 12 g: 7 h: 5
DEBUG:root:B_WBWWB f: 11 g: 6 h: 5
DEBUG:root:BB_WWWB f: 12 g: 6 h: 6
DEBUG:root:BBWW_WB f: 12 g: 6 h: 6
DEBUG:root:BBWWW_B f: 12 g: 6 h: 6
DEBUG:root:BBWBWW_ f: 15 g: 7 h: 8
DEBUG:root:

DEBUG:root:Popped: BWBBWW_ f: 11 g: 4 h: 7
DEBUG:root:BWB_WWB f: 11 g: 6 h: 5
DEBUG:root:BWBB_WW f: 12 g: 5 h: 7
DEBUG:root:BWBBW_W f: 12 g: 5 h: 7
DEBUG:root:

DEBUG:root:Popped: BWBBW_W f: 11 g: 4 h: 7
DEBUG:root:BW_BWBW f: 12 g: 6 h: 6
DEBUG:root:BWB_WBW f: 11 g: 5 h: 6
DEBUG:root:BWBB_WW f: 12 g: 5 h: 7
DEBUG:root:BWBBWW_ f: 12 g: 5 h: 7
DEBUG:root:

DEBUG:root:Popped: BWB_BWW f: 11 g: 4 h: 7
DEBUG:root:_WBBBWW f: 12 g: 6 h: 6
DEBUG:root:B_BWBWW f: 13 g: 5 h: 8
DEBUG:root:BW_BBWW f: 12 g: 5 h: 7
DEBUG:root:BWBB_WW f: 12 g: 5 h: 7
DEBUG:root:BWBWB_W f: 11 g: 5 h: 6
DEBUG:root:BWBWBW_ f: 12 g: 6 h: 6
DEBUG:root:

DEBUG:root:Popped: BWBWB_W f: 11 g: 5 h: 6
DEBUG:root:BW_WBBW f: 12 g: 7 h: 5
DEBUG:root:BWB_BWW f: 13 g: 6 h: 7
DEBUG:root:BWBW_BW f: 12 g: 6 h: 6
DEBUG:root:BWBWBW_ f: 12 g: 6 h: 6
DEBUG:root:

DEBUG:root:Popped: BWB_WBW f: 11 g: 5 h: 6
DEBUG:root:_WBBWBW f: 12 g: 7 h: 5
DEBUG:root:B_BWWBW f: 13 g: 6 h: 7
DEBUG:root:BW_BWBW f: 12 g: 6 h: 6
DEBUG:root:BWBW_BW f: 12 g: 6 h: 6
DEBUG:root:BWBBW_W f: 13 g: 6 h: 7
DEBUG:root:BWBWWB_ f: 12 g: 7 h: 5
DEBUG:root:

DEBUG:root:Popped: BWB_WWB f: 11 g: 6 h: 5
DEBUG:root:_WBBWWB f: 12 g: 8 h: 4
DEBUG:root:B_BWWWB f: 13 g: 7 h: 6
DEBUG:root:BW_BWWB f: 12 g: 7 h: 5
DEBUG:root:BWBW_WB f: 12 g: 7 h: 5
DEBUG:root:BWBWW_B f: 12 g: 7 h: 5
DEBUG:root:BWBBWW_ f: 15 g: 8 h: 7
DEBUG:root:

DEBUG:root:Popped: BW_BBWW f: 11 g: 4 h: 7
DEBUG:root:_WBBBWW f: 11 g: 5 h: 6
DEBUG:root:B_WBBWW f: 12 g: 5 h: 7
DEBUG:root:BWB_BWW f: 12 g: 5 h: 7
DEBUG:root:BWBB_WW f: 12 g: 5 h: 7
DEBUG:root:BWWBB_W f: 11 g: 6 h: 5
DEBUG:root:

DEBUG:root:Popped: BWWBB_W f: 11 g: 6 h: 5
DEBUG:root:BW_BBWW f: 15 g: 8 h: 7
DEBUG:root:BWW_BBW f: 12 g: 7 h: 5
DEBUG:root:BWWB_BW f: 12 g: 7 h: 5
DEBUG:root:BWWBBW_ f: 12 g: 7 h: 5
DEBUG:root:

DEBUG:root:Popped: B_BWBWW f: 11 g: 3 h: 8
DEBUG:root:_BBWBWW f: 12 g: 4 h: 8
DEBUG:root:BB_WBWW f: 12 g: 4 h: 8
DEBUG:root:BWB_BWW f: 11 g: 4 h: 7
DEBUG:root:BBBW_WW f: 14 g: 5 h: 9
DEBUG:root:

DEBUG:root:Popped: B_BWWBW f: 11 g: 4 h: 7
DEBUG:root:_BBWWBW f: 12 g: 5 h: 7
DEBUG:root:BB_WWBW f: 12 g: 5 h: 7
DEBUG:root:BWB_WBW f: 11 g: 5 h: 6
DEBUG:root:BWBW_BW f: 12 g: 6 h: 6
DEBUG:root:

DEBUG:root:Popped: B_WBBWW f: 11 g: 4 h: 7
DEBUG:root:_BWBBWW f: 12 g: 5 h: 7
DEBUG:root:BW_BBWW f: 12 g: 5 h: 7
DEBUG:root:BBW_BWW f: 13 g: 5 h: 8
DEBUG:root:BBWB_WW f: 14 g: 6 h: 8
DEBUG:root:

DEBUG:root:Popped: B_WBWBW f: 11 g: 5 h: 6
DEBUG:root:_BWBWBW f: 12 g: 6 h: 6
DEBUG:root:BW_BWBW f: 12 g: 6 h: 6
DEBUG:root:BBW_WBW f: 13 g: 6 h: 7
DEBUG:root:BWWB_BW f: 12 g: 7 h: 5
DEBUG:root:

DEBUG:root:Popped: B_WBWWB f: 11 g: 6 h: 5
DEBUG:root:_BWBWWB f: 12 g: 7 h: 5
DEBUG:root:BW_BWWB f: 12 g: 7 h: 5
DEBUG:root:BBW_WWB f: 13 g: 7 h: 6
DEBUG:root:BWWB_WB f: 12 g: 8 h: 4
DEBUG:root:

DEBUG:root:Popped: B_WWBBW f: 11 g: 6 h: 5
DEBUG:root:_BWWBBW f: 12 g: 7 h: 5
DEBUG:root:BW_WBBW f: 12 g: 7 h: 5
DEBUG:root:BWW_BBW f: 12 g: 7 h: 5
DEBUG:root:BBWW_BW f: 15 g: 8 h: 7
DEBUG:root:

DEBUG:root:Popped: _BBBWWW f: 11 g: 2 h: 9
DEBUG:root:B_BBWWW f: 12 g: 3 h: 9
DEBUG:root:BB_BWWW f: 12 g: 3 h: 9
DEBUG:root:BBB_WWW f: 13 g: 4 h: 9
DEBUG:root:

DEBUG:root:Popped: _BBWBWW f: 11 g: 3 h: 8
DEBUG:root:B_BWBWW f: 12 g: 4 h: 8
DEBUG:root:BB_WBWW f: 12 g: 4 h: 8
DEBUG:root:WBB_BWW f: 11 g: 5 h: 6
DEBUG:root:

DEBUG:root:Popped: WBB_BWW f: 11 g: 5 h: 6
DEBUG:root:_BBWBWW f: 15 g: 7 h: 8
DEBUG:root:W_BBBWW f: 12 g: 6 h: 6
DEBUG:root:WB_BBWW f: 12 g: 6 h: 6
DEBUG:root:WBBB_WW f: 12 g: 6 h: 6
DEBUG:root:WBBWB_W f: 11 g: 6 h: 5
DEBUG:root:WBBWBW_ f: 12 g: 7 h: 5
DEBUG:root:

DEBUG:root:Popped: WBBWB_W f: 11 g: 6 h: 5
DEBUG:root:WB_WBBW f: 12 g: 8 h: 4
DEBUG:root:WBB_BWW f: 13 g: 7 h: 6
DEBUG:root:WBBW_BW f: 12 g: 7 h: 5
DEBUG:root:WBBWBW_ f: 12 g: 7 h: 5
DEBUG:root:

DEBUG:root:Popped: _BBWWBW f: 11 g: 4 h: 7
DEBUG:root:B_BWWBW f: 12 g: 5 h: 7
DEBUG:root:BB_WWBW f: 12 g: 5 h: 7
DEBUG:root:WBB_WBW f: 11 g: 6 h: 5
DEBUG:root:

DEBUG:root:Popped: WBB_WBW f: 11 g: 6 h: 5
DEBUG:root:_BBWWBW f: 15 g: 8 h: 7
DEBUG:root:W_BBWBW f: 12 g: 7 h: 5
DEBUG:root:WB_BWBW f: 12 g: 7 h: 5
DEBUG:root:WBBW_BW f: 12 g: 7 h: 5
DEBUG:root:WBBBW_W f: 13 g: 7 h: 6
DEBUG:root:WBBWWB_ f: 12 g: 8 h: 4
DEBUG:root:

DEBUG:root:Popped: _WBBBWW f: 11 g: 5 h: 6
DEBUG:root:W_BBBWW f: 12 g: 6 h: 6
DEBUG:root:BW_BBWW f: 13 g: 6 h: 7
DEBUG:root:BWB_BWW f: 14 g: 7 h: 7
DEBUG:root:

DEBUG:root:Popped: BBWWBW_ f: 12 g: 5 h: 7
DEBUG:root:BBW_BWW f: 15 g: 7 h: 8
DEBUG:root:BBWW_WB f: 12 g: 6 h: 6
DEBUG:root:BBWWB_W f: 13 g: 6 h: 7
DEBUG:root:

DEBUG:root:Popped: BBWWW_B f: 12 g: 6 h: 6
DEBUG:root:BB_WWWB f: 14 g: 8 h: 6
DEBUG:root:BBW_WWB f: 13 g: 7 h: 6
DEBUG:root:BBWW_WB f: 13 g: 7 h: 6
DEBUG:root:BBWWWB_ f: 13 g: 7 h: 6
DEBUG:root:

DEBUG:root:Popped: BBWW_WB f: 12 g: 6 h: 6
DEBUG:root:B_WWBWB f: 12 g: 8 h: 4
DEBUG:root:BB_WWWB f: 13 g: 7 h: 6
DEBUG:root:BBW_WWB f: 13 g: 7 h: 6
DEBUG:root:BBWWW_B f: 13 g: 7 h: 6
DEBUG:root:BBWWBW_ f: 14 g: 7 h: 7
DEBUG:root:

DEBUG:root:Popped: BB_WWWB f: 12 g: 6 h: 6
DEBUG:root:_BBWWWB f: 13 g: 7 h: 6
DEBUG:root:B_BWWWB f: 13 g: 7 h: 6
DEBUG:root:BBW_WWB f: 13 g: 7 h: 6
DEBUG:root:BBWW_WB f: 13 g: 7 h: 6
DEBUG:root:BBWWW_B f: 14 g: 8 h: 6
DEBUG:root:

DEBUG:root:Popped: BWBWBW_ f: 12 g: 6 h: 6
DEBUG:root:BWB_BWW f: 15 g: 8 h: 7
DEBUG:root:BWBW_WB f: 12 g: 7 h: 5
DEBUG:root:BWBWB_W f: 13 g: 7 h: 6
DEBUG:root:

DEBUG:root:Popped: BWBWWB_ f: 12 g: 7 h: 5
DEBUG:root:BWB_WBW f: 15 g: 9 h: 6
DEBUG:root:BWBW_BW f: 14 g: 8 h: 6
DEBUG:root:BWBWW_B f: 13 g: 8 h: 5
DEBUG:root:

DEBUG:root:Popped: BWBWW_B f: 12 g: 7 h: 5
DEBUG:root:BW_WWBB f: 12 g: 9 h: 3
DEBUG:root:BWB_WWB f: 13 g: 8 h: 5
DEBUG:root:BWBW_WB f: 13 g: 8 h: 5
DEBUG:root:BWBWWB_ f: 13 g: 8 h: 5
DEBUG:root:

DEBUG:root:Popped: BWBW_BW f: 12 g: 6 h: 6
DEBUG:root:B_BWWBW f: 15 g: 8 h: 7
DEBUG:root:BW_WBBW f: 12 g: 7 h: 5
DEBUG:root:BWB_WBW f: 13 g: 7 h: 6
DEBUG:root:BWBWB_W f: 13 g: 7 h: 6
DEBUG:root:BWBWWB_ f: 12 g: 7 h: 5
DEBUG:root:

DEBUG:root:Popped: BWBW_WB f: 12 g: 7 h: 5
DEBUG:root:B_BWWWB f: 15 g: 9 h: 6
DEBUG:root:BW_WBWB f: 12 g: 8 h: 4
DEBUG:root:BWB_WWB f: 13 g: 8 h: 5
DEBUG:root:BWBWW_B f: 13 g: 8 h: 5
DEBUG:root:BWBWBW_ f: 14 g: 8 h: 6
DEBUG:root:

DEBUG:root:Popped: BWWBBW_ f: 12 g: 7 h: 5
DEBUG:root:BWW_BWB f: 13 g: 9 h: 4
DEBUG:root:BWWB_WB f: 12 g: 8 h: 4
DEBUG:root:BWWBB_W f: 13 g: 8 h: 5
DEBUG:root:

DEBUG:root:Popped: BWWB_BW f: 12 g: 7 h: 5
DEBUG:root:B_WBWBW f: 15 g: 9 h: 6
DEBUG:root:BW_BWBW f: 14 g: 8 h: 6
DEBUG:root:BWW_BBW f: 13 g: 8 h: 5
DEBUG:root:BWWBB_W f: 13 g: 8 h: 5
DEBUG:root:BWWBWB_ f: 12 g: 8 h: 4
DEBUG:root:

DEBUG:root:Popped: BWWBWB_ f: 12 g: 8 h: 4
DEBUG:root:BWW_WBB f: 13 g: 10 h: 3
DEBUG:root:BWWB_BW f: 14 g: 9 h: 5
DEBUG:root:BWWBW_B f: 13 g: 9 h: 4
DEBUG:root:

DEBUG:root:Popped: BWWB_WB f: 12 g: 8 h: 4
DEBUG:root:B_WBWWB f: 15 g: 10 h: 5
DEBUG:root:BW_BWWB f: 14 g: 9 h: 5
DEBUG:root:BWW_BWB f: 13 g: 9 h: 4
DEBUG:root:BWWBW_B f: 13 g: 9 h: 4
DEBUG:root:BWWBBW_ f: 14 g: 9 h: 5
DEBUG:root:

DEBUG:root:Popped: BWW_BBW f: 12 g: 7 h: 5
DEBUG:root:_WWBBBW f: 12 g: 9 h: 3
DEBUG:root:B_WWBBW f: 13 g: 8 h: 5
DEBUG:root:BW_WBBW f: 13 g: 8 h: 5
DEBUG:root:BWWB_BW f: 13 g: 8 h: 5
DEBUG:root:BWWBB_W f: 13 g: 8 h: 5
DEBUG:root:BWWWBB_ f: 12 g: 9 h: 3
DEBUG:root:

DEBUG:root:Popped: BWWWBB_ f: 12 g: 9 h: 3
DEBUG:root:BWW_BBW f: 16 g: 11 h: 5
DEBUG:root:BWWW_BB f: 13 g: 10 h: 3
DEBUG:root:BWWWB_B f: 13 g: 10 h: 3
DEBUG:root:

DEBUG:root:Popped: BW_BWBW f: 12 g: 6 h: 6
DEBUG:root:_WBBWBW f: 12 g: 7 h: 5
DEBUG:root:B_WBWBW f: 13 g: 7 h: 6
DEBUG:root:BWB_WBW f: 13 g: 7 h: 6
DEBUG:root:BWWB_BW f: 12 g: 7 h: 5
DEBUG:root:BWBBW_W f: 15 g: 8 h: 7
DEBUG:root:

DEBUG:root:Popped: BW_BWWB f: 12 g: 7 h: 5
DEBUG:root:_WBBWWB f: 12 g: 8 h: 4
DEBUG:root:B_WBWWB f: 13 g: 8 h: 5
DEBUG:root:BWB_WWB f: 13 g: 8 h: 5
DEBUG:root:BWWB_WB f: 12 g: 8 h: 4
DEBUG:root:BWWBW_B f: 13 g: 9 h: 4
DEBUG:root:

DEBUG:root:Popped: BW_WBBW f: 12 g: 7 h: 5
DEBUG:root:_WBWBBW f: 12 g: 8 h: 4
DEBUG:root:B_WWBBW f: 13 g: 8 h: 5
DEBUG:root:BWW_BBW f: 13 g: 8 h: 5
DEBUG:root:BWBW_BW f: 14 g: 8 h: 6
DEBUG:root:BWBWB_W f: 15 g: 9 h: 6
DEBUG:root:

DEBUG:root:Popped: BW_WBWB f: 12 g: 8 h: 4
DEBUG:root:_WBWBWB f: 12 g: 9 h: 3
DEBUG:root:B_WWBWB f: 13 g: 9 h: 4
DEBUG:root:BWW_BWB f: 13 g: 9 h: 4
DEBUG:root:BWBW_WB f: 14 g: 9 h: 5
DEBUG:root:BWWWB_B f: 13 g: 10 h: 3
DEBUG:root:

DEBUG:root:Popped: BW_WWBB f: 12 g: 9 h: 3
DEBUG:root:_WBWWBB f: 12 g: 10 h: 2
DEBUG:root:B_WWWBB f: 13 g: 10 h: 3
DEBUG:root:BWW_WBB f: 13 g: 10 h: 3
DEBUG:root:BWWW_BB f: 13 g: 10 h: 3
DEBUG:root:BWBWW_B f: 16 g: 11 h: 5
DEBUG:root:

DEBUG:root:Popped: B_WWBWB f: 12 g: 8 h: 4
DEBUG:root:_BWWBWB f: 13 g: 9 h: 4
DEBUG:root:BW_WBWB f: 13 g: 9 h: 4
DEBUG:root:BWW_BWB f: 13 g: 9 h: 4
DEBUG:root:BBWW_WB f: 16 g: 10 h: 6
DEBUG:root:

DEBUG:root:Popped: WBBB_WW f: 12 g: 6 h: 6
DEBUG:root:W_BBBWW f: 14 g: 8 h: 6
DEBUG:root:WB_BBWW f: 13 g: 7 h: 6
DEBUG:root:WBB_BWW f: 13 g: 7 h: 6
DEBUG:root:WBBBW_W f: 13 g: 7 h: 6
DEBUG:root:WBBBWW_ f: 13 g: 7 h: 6
DEBUG:root:

DEBUG:root:Popped: WBBWBW_ f: 12 g: 7 h: 5
DEBUG:root:WBB_BWW f: 15 g: 9 h: 6
DEBUG:root:WBBW_WB f: 12 g: 8 h: 4
DEBUG:root:WBBWB_W f: 13 g: 8 h: 5
DEBUG:root:

DEBUG:root:Popped: WBBWWB_ f: 12 g: 8 h: 4
DEBUG:root:WBB_WBW f: 15 g: 10 h: 5
DEBUG:root:WBBW_BW f: 14 g: 9 h: 5
DEBUG:root:WBBWW_B f: 13 g: 9 h: 4
DEBUG:root:

DEBUG:root:Popped: WBBW_BW f: 12 g: 7 h: 5
DEBUG:root:W_BWBBW f: 13 g: 9 h: 4
DEBUG:root:WB_WBBW f: 12 g: 8 h: 4
DEBUG:root:WBB_WBW f: 13 g: 8 h: 5
DEBUG:root:WBBWB_W f: 13 g: 8 h: 5
DEBUG:root:WBBWWB_ f: 12 g: 8 h: 4
DEBUG:root:

DEBUG:root:Popped: WBBW_WB f: 12 g: 8 h: 4
DEBUG:root:W_BWBWB f: 13 g: 10 h: 3
DEBUG:root:WB_WBWB f: 12 g: 9 h: 3
DEBUG:root:WBB_WWB f: 13 g: 9 h: 4
DEBUG:root:WBBWW_B f: 13 g: 9 h: 4
DEBUG:root:WBBWBW_ f: 14 g: 9 h: 5
DEBUG:root:

DEBUG:root:Popped: WB_BBWW f: 12 g: 6 h: 6
DEBUG:root:_BWBBWW f: 14 g: 7 h: 7
DEBUG:root:W_BBBWW f: 13 g: 7 h: 6
DEBUG:root:WBB_BWW f: 13 g: 7 h: 6
DEBUG:root:WBBB_WW f: 13 g: 7 h: 6
DEBUG:root:WBWBB_W f: 12 g: 8 h: 4
DEBUG:root:

DEBUG:root:Popped: WBWBB_W f: 12 g: 8 h: 4
DEBUG:root:WB_BBWW f: 16 g: 10 h: 6
DEBUG:root:WBW_BBW f: 13 g: 9 h: 4
DEBUG:root:WBWB_BW f: 13 g: 9 h: 4
DEBUG:root:WBWBBW_ f: 13 g: 9 h: 4
DEBUG:root:

DEBUG:root:Popped: WB_BWBW f: 12 g: 7 h: 5
DEBUG:root:_BWBWBW f: 14 g: 8 h: 6
DEBUG:root:W_BBWBW f: 13 g: 8 h: 5
DEBUG:root:WBB_WBW f: 13 g: 8 h: 5
DEBUG:root:WBWB_BW f: 12 g: 8 h: 4
DEBUG:root:WBBBW_W f: 15 g: 9 h: 6
DEBUG:root:

DEBUG:root:Popped: WBWB_BW f: 12 g: 8 h: 4
DEBUG:root:W_WBBBW f: 13 g: 10 h: 3
DEBUG:root:WB_BWBW f: 14 g: 9 h: 5
DEBUG:root:WBW_BBW f: 13 g: 9 h: 4
DEBUG:root:WBWBB_W f: 13 g: 9 h: 4
DEBUG:root:WBWBWB_ f: 12 g: 9 h: 3
DEBUG:root:

DEBUG:root:Popped: WBWBWB_ f: 12 g: 9 h: 3
DEBUG:root:WBW_WBB f: 13 g: 11 h: 2
DEBUG:root:WBWB_BW f: 14 g: 10 h: 4
DEBUG:root:WBWBW_B f: 13 g: 10 h: 3
DEBUG:root:

DEBUG:root:Popped: WB_WBBW f: 12 g: 8 h: 4
DEBUG:root:_BWWBBW f: 14 g: 9 h: 5
DEBUG:root:W_BWBBW f: 13 g: 9 h: 4
DEBUG:root:WBW_BBW f: 13 g: 9 h: 4
DEBUG:root:WBBW_BW f: 14 g: 9 h: 5
DEBUG:root:WBBWB_W f: 15 g: 10 h: 5
DEBUG:root:

DEBUG:root:Popped: WB_WBWB f: 12 g: 9 h: 3
DEBUG:root:_BWWBWB f: 14 g: 10 h: 4
DEBUG:root:W_BWBWB f: 13 g: 10 h: 3
DEBUG:root:WBW_BWB f: 13 g: 10 h: 3
DEBUG:root:WBBW_WB f: 14 g: 10 h: 4
DEBUG:root:WBWWB_B f: 13 g: 11 h: 2
DEBUG:root:

DEBUG:root:Popped: W_BBBWW f: 12 g: 6 h: 6
DEBUG:root:_WBBBWW f: 13 g: 7 h: 6
DEBUG:root:WB_BBWW f: 13 g: 7 h: 6
DEBUG:root:WBB_BWW f: 13 g: 7 h: 6
DEBUG:root:WBBB_WW f: 14 g: 8 h: 6
DEBUG:root:

DEBUG:root:Popped: W_BBWBW f: 12 g: 7 h: 5
DEBUG:root:_WBBWBW f: 13 g: 8 h: 5
DEBUG:root:WB_BWBW f: 13 g: 8 h: 5
DEBUG:root:WBB_WBW f: 13 g: 8 h: 5
DEBUG:root:WWBB_BW f: 12 g: 9 h: 3
DEBUG:root:

DEBUG:root:Popped: WWBB_BW f: 12 g: 9 h: 3
DEBUG:root:W_BBWBW f: 16 g: 11 h: 5
DEBUG:root:WW_BBBW f: 13 g: 10 h: 3
DEBUG:root:WWB_BBW f: 13 g: 10 h: 3
DEBUG:root:WWBBB_W f: 13 g: 10 h: 3
DEBUG:root:WWBBWB_ f: 12 g: 10 h: 2
DEBUG:root:

DEBUG:root:Popped: WWBBWB_ f: 12 g: 10 h: 2
DEBUG:root:WWB_WBB f: 13 g: 12 h: 1
DEBUG:root:WWBB_BW f: 14 g: 11 h: 3
DEBUG:root:WWBBW_B f: 13 g: 11 h: 2
DEBUG:root:

DEBUG:root:Popped: _BWBBWW f: 12 g: 5 h: 7
DEBUG:root:B_WBBWW f: 13 g: 6 h: 7
DEBUG:root:WB_BBWW f: 12 g: 6 h: 6
DEBUG:root:BBW_BWW f: 15 g: 7 h: 8
DEBUG:root:

DEBUG:root:Popped: _BWBWBW f: 12 g: 6 h: 6
DEBUG:root:B_WBWBW f: 13 g: 7 h: 6
DEBUG:root:WB_BWBW f: 12 g: 7 h: 5
DEBUG:root:BBW_WBW f: 15 g: 8 h: 7
DEBUG:root:

DEBUG:root:Popped: _BWBWWB f: 12 g: 7 h: 5
DEBUG:root:B_WBWWB f: 13 g: 8 h: 5
DEBUG:root:WB_BWWB f: 12 g: 8 h: 4
DEBUG:root:BBW_WWB f: 15 g: 9 h: 6
DEBUG:root:

DEBUG:root:Popped: WB_BWWB f: 12 g: 8 h: 4
DEBUG:root:_BWBWWB f: 14 g: 9 h: 5
DEBUG:root:W_BBWWB f: 13 g: 9 h: 4
DEBUG:root:WBB_WWB f: 13 g: 9 h: 4
DEBUG:root:WBWB_WB f: 12 g: 9 h: 3
DEBUG:root:WBWBW_B f: 13 g: 10 h: 3
DEBUG:root:

DEBUG:root:Popped: WBWB_WB f: 12 g: 9 h: 3
DEBUG:root:W_WBBWB f: 13 g: 11 h: 2
DEBUG:root:WB_BWWB f: 14 g: 10 h: 4
DEBUG:root:WBW_BWB f: 13 g: 10 h: 3
DEBUG:root:WBWBW_B f: 13 g: 10 h: 3
DEBUG:root:WBWBBW_ f: 14 g: 10 h: 4
DEBUG:root:

DEBUG:root:Popped: _BWWBBW f: 12 g: 7 h: 5
DEBUG:root:B_WWBBW f: 13 g: 8 h: 5
DEBUG:root:WB_WBBW f: 12 g: 8 h: 4
DEBUG:root:WBW_BBW f: 13 g: 9 h: 4
DEBUG:root:

DEBUG:root:Popped: _WBBWBW f: 12 g: 7 h: 5
DEBUG:root:W_BBWBW f: 13 g: 8 h: 5
DEBUG:root:BW_BWBW f: 14 g: 8 h: 6
DEBUG:root:BWB_WBW f: 15 g: 9 h: 6
DEBUG:root:

DEBUG:root:Popped: _WBBWWB f: 12 g: 8 h: 4
DEBUG:root:W_BBWWB f: 13 g: 9 h: 4
DEBUG:root:BW_BWWB f: 14 g: 9 h: 5
DEBUG:root:BWB_WWB f: 15 g: 10 h: 5
DEBUG:root:

DEBUG:root:Popped: _WBWBBW f: 12 g: 8 h: 4
DEBUG:root:W_BWBBW f: 13 g: 9 h: 4
DEBUG:root:BW_WBBW f: 14 g: 9 h: 5
DEBUG:root:WWB_BBW f: 13 g: 10 h: 3
DEBUG:root:

DEBUG:root:Popped: _WBWBWB f: 12 g: 9 h: 3
DEBUG:root:W_BWBWB f: 13 g: 10 h: 3
DEBUG:root:BW_WBWB f: 14 g: 10 h: 4
DEBUG:root:WWB_BWB f: 13 g: 11 h: 2
DEBUG:root:

DEBUG:root:Popped: _WBWWBB f: 12 g: 10 h: 2
DEBUG:root:W_BWWBB f: 13 g: 11 h: 2
DEBUG:root:BW_WWBB f: 14 g: 11 h: 3
DEBUG:root:WWB_WBB f: 13 g: 12 h: 1
DEBUG:root:

DEBUG:root:Popped: _WWBBBW f: 12 g: 9 h: 3
DEBUG:root:W_WBBBW f: 13 g: 10 h: 3
DEBUG:root:WW_BBBW f: 13 g: 10 h: 3
DEBUG:root:BWW_BBW f: 16 g: 11 h: 5
DEBUG:root:

DEBUG:root:Popped: BWWBW_B f: 13 g: 9 h: 4
DEBUG:root:BW_BWWB f: 16 g: 11 h: 5
DEBUG:root:BWW_WBB f: 13 g: 10 h: 3
DEBUG:root:BWWB_WB f: 14 g: 10 h: 4
DEBUG:root:BWWBWB_ f: 14 g: 10 h: 4
DEBUG:root:

DEBUG:root:Popped: BWWWB_B f: 13 g: 10 h: 3
DEBUG:root:BW_WBWB f: 16 g: 12 h: 4
DEBUG:root:BWW_BWB f: 15 g: 11 h: 4
DEBUG:root:BWWW_BB f: 14 g: 11 h: 3
DEBUG:root:BWWWBB_ f: 14 g: 11 h: 3
DEBUG:root:

DEBUG:root:Popped: BWWW_BB f: 13 g: 10 h: 3
DEBUG:root:B_WWWBB f: 15 g: 12 h: 3
DEBUG:root:BW_WWBB f: 14 g: 11 h: 3
DEBUG:root:BWW_WBB f: 14 g: 11 h: 3
DEBUG:root:BWWWB_B f: 14 g: 11 h: 3
DEBUG:root:BWWWBB_ f: 14 g: 11 h: 3
DEBUG:root:

DEBUG:root:Popped: BWW_BWB f: 13 g: 9 h: 4
DEBUG:root:_WWBBWB f: 13 g: 11 h: 2
DEBUG:root:B_WWBWB f: 14 g: 10 h: 4
DEBUG:root:BW_WBWB f: 14 g: 10 h: 4
DEBUG:root:BWWB_WB f: 14 g: 10 h: 4
DEBUG:root:BWWWB_B f: 13 g: 10 h: 3
DEBUG:root:BWWBBW_ f: 16 g: 11 h: 5
DEBUG:root:

DEBUG:root:Popped: BWW_WBB f: 13 g: 10 h: 3
DEBUG:root:_WWBWBB f: 13 g: 12 h: 1
DEBUG:root:B_WWWBB f: 14 g: 11 h: 3
DEBUG:root:BW_WWBB f: 14 g: 11 h: 3
DEBUG:root:BWWW_BB f: 14 g: 11 h: 3
DEBUG:root:BWWBW_B f: 15 g: 11 h: 4
DEBUG:root:BWWBWB_ f: 16 g: 12 h: 4
DEBUG:root:

DEBUG:root:Popped: B_BWWWB f: 13 g: 7 h: 6
DEBUG:root:_BBWWWB f: 14 g: 8 h: 6
DEBUG:root:BB_WWWB f: 14 g: 8 h: 6
DEBUG:root:BWB_WWB f: 13 g: 8 h: 5
DEBUG:root:BWBW_WB f: 14 g: 9 h: 5
DEBUG:root:

DEBUG:root:Popped: B_WWWBB f: 13 g: 10 h: 3
DEBUG:root:_BWWWBB f: 14 g: 11 h: 3
DEBUG:root:BW_WWBB f: 14 g: 11 h: 3
DEBUG:root:BWW_WBB f: 14 g: 11 h: 3
DEBUG:root:BWWW_BB f: 15 g: 12 h: 3
DEBUG:root:

DEBUG:root:Popped: WBBBWW_ f: 13 g: 7 h: 6
DEBUG:root:WBB_WWB f: 13 g: 9 h: 4
DEBUG:root:WBBB_WW f: 14 g: 8 h: 6
DEBUG:root:WBBBW_W f: 14 g: 8 h: 6
DEBUG:root:

DEBUG:root:Popped: WBBBW_W f: 13 g: 7 h: 6
DEBUG:root:WB_BWBW f: 14 g: 9 h: 5
DEBUG:root:WBB_WBW f: 13 g: 8 h: 5
DEBUG:root:WBBB_WW f: 14 g: 8 h: 6
DEBUG:root:WBBBWW_ f: 14 g: 8 h: 6
DEBUG:root:

DEBUG:root:Popped: WBBWW_B f: 13 g: 9 h: 4
DEBUG:root:WB_WWBB f: 13 g: 11 h: 2
DEBUG:root:WBB_WWB f: 14 g: 10 h: 4
DEBUG:root:WBBW_WB f: 14 g: 10 h: 4
DEBUG:root:WBBWWB_ f: 14 g: 10 h: 4
DEBUG:root:

DEBUG:root:Popped: WBB_WWB f: 13 g: 9 h: 4
DEBUG:root:_BBWWWB f: 17 g: 11 h: 6
DEBUG:root:W_BBWWB f: 14 g: 10 h: 4
DEBUG:root:WB_BWWB f: 14 g: 10 h: 4
DEBUG:root:WBBW_WB f: 14 g: 10 h: 4
DEBUG:root:WBBWW_B f: 14 g: 10 h: 4
DEBUG:root:WBBBWW_ f: 17 g: 11 h: 6
DEBUG:root:

DEBUG:root:Popped: WBWBBW_ f: 13 g: 9 h: 4
DEBUG:root:WBW_BWB f: 14 g: 11 h: 3
DEBUG:root:WBWB_WB f: 13 g: 10 h: 3
DEBUG:root:WBWBB_W f: 14 g: 10 h: 4
DEBUG:root:

DEBUG:root:Popped: WBWBW_B f: 13 g: 10 h: 3
DEBUG:root:WB_BWWB f: 16 g: 12 h: 4
DEBUG:root:WBW_WBB f: 13 g: 11 h: 2
DEBUG:root:WBWB_WB f: 14 g: 11 h: 3
DEBUG:root:WBWBWB_ f: 14 g: 11 h: 3
DEBUG:root:

DEBUG:root:Popped: WBWWB_B f: 13 g: 11 h: 2
DEBUG:root:WB_WBWB f: 16 g: 13 h: 3
DEBUG:root:WBW_BWB f: 15 g: 12 h: 3
DEBUG:root:WBWW_BB f: 14 g: 12 h: 2
DEBUG:root:WBWWBB_ f: 14 g: 12 h: 2
DEBUG:root:

DEBUG:root:Popped: WBW_BBW f: 13 g: 9 h: 4
DEBUG:root:_BWWBBW f: 16 g: 11 h: 5
DEBUG:root:W_WBBBW f: 13 g: 10 h: 3
DEBUG:root:WB_WBBW f: 14 g: 10 h: 4
DEBUG:root:WBWB_BW f: 14 g: 10 h: 4
DEBUG:root:WBWBB_W f: 14 g: 10 h: 4
DEBUG:root:WBWWBB_ f: 13 g: 11 h: 2
DEBUG:root:

DEBUG:root:Popped: WBWWBB_ f: 13 g: 11 h: 2
DEBUG:root:WBW_BBW f: 17 g: 13 h: 4
DEBUG:root:WBWW_BB f: 14 g: 12 h: 2
DEBUG:root:WBWWB_B f: 14 g: 12 h: 2
DEBUG:root:

DEBUG:root:Popped: WBW_BWB f: 13 g: 10 h: 3
DEBUG:root:_BWWBWB f: 16 g: 12 h: 4
DEBUG:root:W_WBBWB f: 13 g: 11 h: 2
DEBUG:root:WB_WBWB f: 14 g: 11 h: 3
DEBUG:root:WBWB_WB f: 14 g: 11 h: 3
DEBUG:root:WBWWB_B f: 13 g: 11 h: 2
DEBUG:root:WBWBBW_ f: 16 g: 12 h: 4
DEBUG:root:

DEBUG:root:Popped: WBW_WBB f: 13 g: 11 h: 2
DEBUG:root:_BWWWBB f: 16 g: 13 h: 3
DEBUG:root:W_WBWBB f: 13 g: 12 h: 1
DEBUG:root:WB_WWBB f: 14 g: 12 h: 2
DEBUG:root:WBWW_BB f: 14 g: 12 h: 2
DEBUG:root:WBWBW_B f: 15 g: 12 h: 3
DEBUG:root:WBWBWB_ f: 16 g: 13 h: 3
DEBUG:root:

DEBUG:root:Popped: WB_WWBB f: 13 g: 11 h: 2
DEBUG:root:_BWWWBB f: 15 g: 12 h: 3
DEBUG:root:W_BWWBB f: 14 g: 12 h: 2
DEBUG:root:WBW_WBB f: 14 g: 12 h: 2
DEBUG:root:WBWW_BB f: 14 g: 12 h: 2
DEBUG:root:WBBWW_B f: 17 g: 13 h: 4
DEBUG:root:

DEBUG:root:Popped: WWBBB_W f: 13 g: 10 h: 3
DEBUG:root:WW_BBBW f: 15 g: 12 h: 3
DEBUG:root:WWB_BBW f: 14 g: 11 h: 3
DEBUG:root:WWBB_BW f: 14 g: 11 h: 3
DEBUG:root:WWBBBW_ f: 14 g: 11 h: 3
DEBUG:root:

DEBUG:root:Popped: WWBBW_B f: 13 g: 11 h: 2
DEBUG:root:WW_BWBB f: 14 g: 13 h: 1
DEBUG:root:WWB_WBB f: 13 g: 12 h: 1
DEBUG:root:WWBB_WB f: 14 g: 12 h: 2
DEBUG:root:WWBBWB_ f: 14 g: 12 h: 2
DEBUG:root:

DEBUG:root:Popped: WWB_BBW f: 13 g: 10 h: 3
DEBUG:root:_WBWBBW f: 16 g: 12 h: 4
DEBUG:root:W_BWBBW f: 15 g: 11 h: 4
DEBUG:root:WW_BBBW f: 14 g: 11 h: 3
DEBUG:root:WWBB_BW f: 14 g: 11 h: 3
DEBUG:root:WWBBB_W f: 14 g: 11 h: 3
DEBUG:root:WWBWBB_ f: 13 g: 12 h: 1
DEBUG:root:

DEBUG:root:Popped: WWBWBB_ f: 13 g: 12 h: 1
DEBUG:root:WWB_BBW f: 17 g: 14 h: 3
DEBUG:root:WWBW_BB f: 14 g: 13 h: 1
DEBUG:root:WWBWB_B f: 14 g: 13 h: 1
DEBUG:root:

DEBUG:root:Popped: WWB_BWB f: 13 g: 11 h: 2
DEBUG:root:_WBWBWB f: 16 g: 13 h: 3
DEBUG:root:W_BWBWB f: 15 g: 12 h: 3
DEBUG:root:WW_BBWB f: 14 g: 12 h: 2
DEBUG:root:WWBB_WB f: 14 g: 12 h: 2
DEBUG:root:WWBWB_B f: 13 g: 12 h: 1
DEBUG:root:WWBBBW_ f: 16 g: 13 h: 3
DEBUG:root:

DEBUG:root:Popped: WWBWB_B f: 13 g: 12 h: 1
DEBUG:root:WW_WBBB f: 14 g: 14 h: 0
DEBUG:root:WWB_BWB f: 15 g: 13 h: 2
DEBUG:root:WWBW_BB f: 14 g: 13 h: 1
DEBUG:root:WWBWBB_ f: 14 g: 13 h: 1
DEBUG:root:

DEBUG:root:Popped: WWB_WBB f: 13 g: 12 h: 1
DEBUG:root:_WBWWBB f: 16 g: 14 h: 2
DEBUG:root:W_BWWBB f: 15 g: 13 h: 2
DEBUG:root:WW_BWBB f: 14 g: 13 h: 1
DEBUG:root:WWBW_BB f: 14 g: 13 h: 1
DEBUG:root:WWBBW_B f: 15 g: 13 h: 2
DEBUG:root:WWBBWB_ f: 16 g: 14 h: 2
DEBUG:root:

DEBUG:root:Popped: WW_BBBW f: 13 g: 10 h: 3
DEBUG:root:_WWBBBW f: 14 g: 11 h: 3
DEBUG:root:W_WBBBW f: 14 g: 11 h: 3
DEBUG:root:WWB_BBW f: 14 g: 11 h: 3
DEBUG:root:WWBB_BW f: 14 g: 11 h: 3
DEBUG:root:WWBBB_W f: 15 g: 12 h: 3
DEBUG:root:

DEBUG:root:Popped: W_BBWWB f: 13 g: 9 h: 4
DEBUG:root:_WBBWWB f: 14 g: 10 h: 4
DEBUG:root:WB_BWWB f: 14 g: 10 h: 4
DEBUG:root:WBB_WWB f: 14 g: 10 h: 4
DEBUG:root:WWBB_WB f: 13 g: 11 h: 2
DEBUG:root:

DEBUG:root:Popped: WWBB_WB f: 13 g: 11 h: 2
DEBUG:root:W_BBWWB f: 17 g: 13 h: 4
DEBUG:root:WW_BBWB f: 14 g: 12 h: 2
DEBUG:root:WWB_BWB f: 14 g: 12 h: 2
DEBUG:root:WWBBW_B f: 14 g: 12 h: 2
DEBUG:root:WWBBBW_ f: 15 g: 12 h: 3
DEBUG:root:

DEBUG:root:Popped: W_BWBBW f: 13 g: 9 h: 4
DEBUG:root:_WBWBBW f: 14 g: 10 h: 4
DEBUG:root:WB_WBBW f: 14 g: 10 h: 4
DEBUG:root:WWB_BBW f: 13 g: 10 h: 3
DEBUG:root:WBBW_BW f: 16 g: 11 h: 5
DEBUG:root:

DEBUG:root:Popped: W_BWBWB f: 13 g: 10 h: 3
DEBUG:root:_WBWBWB f: 14 g: 11 h: 3
DEBUG:root:WB_WBWB f: 14 g: 11 h: 3
DEBUG:root:WWB_BWB f: 13 g: 11 h: 2
DEBUG:root:WBBW_WB f: 16 g: 12 h: 4
DEBUG:root:

DEBUG:root:Popped: W_BWWBB f: 13 g: 11 h: 2
DEBUG:root:_WBWWBB f: 14 g: 12 h: 2
DEBUG:root:WB_WWBB f: 14 g: 12 h: 2
DEBUG:root:WWB_WBB f: 13 g: 12 h: 1
DEBUG:root:WWBW_BB f: 14 g: 13 h: 1
DEBUG:root:

DEBUG:root:Popped: W_WBBBW f: 13 g: 10 h: 3
DEBUG:root:_WWBBBW f: 14 g: 11 h: 3
DEBUG:root:WW_BBBW f: 14 g: 11 h: 3
DEBUG:root:WBW_BBW f: 15 g: 11 h: 4
DEBUG:root:WBWB_BW f: 16 g: 12 h: 4
DEBUG:root:

DEBUG:root:Popped: W_WBBWB f: 13 g: 11 h: 2
DEBUG:root:_WWBBWB f: 14 g: 12 h: 2
DEBUG:root:WW_BBWB f: 14 g: 12 h: 2
DEBUG:root:WBW_BWB f: 15 g: 12 h: 3
DEBUG:root:WBWB_WB f: 16 g: 13 h: 3
DEBUG:root:

DEBUG:root:Popped: W_WBWBB f: 13 g: 12 h: 1
DEBUG:root:_WWBWBB f: 14 g: 13 h: 1
DEBUG:root:WW_BWBB f: 14 g: 13 h: 1
DEBUG:root:WBW_WBB f: 15 g: 13 h: 2
DEBUG:root:WWWB_BB f: 14 g: 14 h: 0
DEBUG:root:

DEBUG:root:Popped: _BBWWWB f: 13 g: 7 h: 6
DEBUG:root:B_BWWWB f: 14 g: 8 h: 6
DEBUG:root:BB_WWWB f: 14 g: 8 h: 6
DEBUG:root:WBB_WWB f: 13 g: 9 h: 4
DEBUG:root:

DEBUG:root:Popped: _BWWBWB f: 13 g: 9 h: 4
DEBUG:root:B_WWBWB f: 14 g: 10 h: 4
DEBUG:root:WB_WBWB f: 13 g: 10 h: 3
DEBUG:root:WBW_BWB f: 14 g: 11 h: 3
DEBUG:root:

DEBUG:root:Popped: _WWBBWB f: 13 g: 11 h: 2
DEBUG:root:W_WBBWB f: 14 g: 12 h: 2
DEBUG:root:WW_BBWB f: 14 g: 12 h: 2
DEBUG:root:BWW_BWB f: 17 g: 13 h: 4
DEBUG:root:

DEBUG:root:Popped: _WWBWBB f: 13 g: 12 h: 1
DEBUG:root:W_WBWBB f: 14 g: 13 h: 1
DEBUG:root:WW_BWBB f: 14 g: 13 h: 1
DEBUG:root:BWW_WBB f: 17 g: 14 h: 3
DEBUG:root:

DEBUG:root:Popped: WBWW_BB f: 14 g: 12 h: 2
DEBUG:root:W_WWBBB f: 14 g: 14 h: 0
DEBUG:root:WB_WWBB f: 15 g: 13 h: 2
DEBUG:root:WBW_WBB f: 15 g: 13 h: 2
DEBUG:root:WBWWB_B f: 15 g: 13 h: 2
DEBUG:root:WBWWBB_ f: 15 g: 13 h: 2
DEBUG:root:

DEBUG:root:Popped: WWBBBW_ f: 14 g: 11 h: 3
DEBUG:root:WWB_BWB f: 15 g: 13 h: 2
DEBUG:root:WWBB_WB f: 14 g: 12 h: 2
DEBUG:root:WWBBB_W f: 15 g: 12 h: 3
DEBUG:root:

DEBUG:root:Popped: WWBW_BB f: 14 g: 13 h: 1
DEBUG:root:W_BWWBB f: 17 g: 15 h: 2
DEBUG:root:WW_WBBB f: 14 g: 14 h: 0
DEBUG:root:WWB_WBB f: 15 g: 14 h: 1
DEBUG:root:WWBWB_B f: 15 g: 14 h: 1
DEBUG:root:WWBWBB_ f: 15 g: 14 h: 1
DEBUG:root:

DEBUG:root:Popped: WWWB_BB f: 14 g: 14 h: 0
INFO:root:Solution: WWWB_BB
INFO:root:No. of Explored Nodes: 131
INFO:root:Move Cost: 14
INFO:root:
INFO:root:Path To Goal:
INFO:root:        BBB_WWW
INFO:root:        BBBWW_W
INFO:root:        BB_WWBW
INFO:root:        _BBWWBW
INFO:root:        WBB_WBW
INFO:root:        WB_BWBW
INFO:root:        WBWB_BW
INFO:root:        WBWBWB_
INFO:root:        WBW_WBB
INFO:root:        W_WBWBB
INFO:root:        WWWB_BB
INFO:root:


